#-----------------------------------------------------------
# Vivado v2018.3 (64-bit)
# SW Build 2405991 on Thu Dec  6 23:38:27 MST 2018
# IP Build 2404404 on Fri Dec  7 01:43:56 MST 2018
# Start of session at: Sat Oct 28 23:34:40 2023
# Process ID: 15752
# Current directory: D:/22ECB0F07/shift_reg
# Command line: vivado.exe -gui_launcher_event rodinguilauncherevent20424 D:\22ECB0F07\shift_reg\shift_reg.xpr
# Log file: D:/22ECB0F07/shift_reg/vivado.log
# Journal file: D:/22ECB0F07/shift_reg\vivado.jou
#-----------------------------------------------------------
start_gui
open_project D:/22ECB0F07/shift_reg/shift_reg.xpr
Scanning sources...
Finished scanning sources
INFO: [IP_Flow 19-234] Refreshing IP repositories
INFO: [IP_Flow 19-1704] No user IP repositories specified
INFO: [IP_Flow 19-2313] Loaded Vivado IP repository 'C:/Xilinx/Vivado/2018.3/data/ip'.
open_project: Time (s): cpu = 00:00:21 ; elapsed = 00:00:11 . Memory (MB): peak = 784.859 ; gain = 160.621
update_compile_order -fileset sources_1
