#-----------------------------------------------------------
# Vivado v2018.3 (64-bit)
# SW Build 2405991 on Thu Dec  6 23:38:27 MST 2018
# IP Build 2404404 on Fri Dec  7 01:43:56 MST 2018
# Start of session at: Thu Oct 12 12:03:41 2023
# Process ID: 9668
# Current directory: D:/22ECB0F07/8 bit parity checker/8 bit parity checker.sim/sim_1/behav/xsim
# Command line: vivado.exe -gui_launcher_event rodinguilauncherevent8968 D:\22ECB0F07\8 bit parity checker\8 bit parity checker.sim\sim_1\behav\xsim\bitx8parity_tb_behav.wdb
# Log file: D:/22ECB0F07/8 bit parity checker/8 bit parity checker.sim/sim_1/behav/xsim/vivado.log
# Journal file: D:/22ECB0F07/8 bit parity checker/8 bit parity checker.sim/sim_1/behav/xsim\vivado.jou
#-----------------------------------------------------------
start_gui
open_wave_database {D:\22ECB0F07\8 bit parity checker\8 bit parity checker.sim\sim_1\behav\xsim\bitx8parity_tb_behav.wdb}
INFO: [IP_Flow 19-234] Refreshing IP repositories
INFO: [IP_Flow 19-1704] No user IP repositories specified
INFO: [IP_Flow 19-2313] Loaded Vivado IP repository 'C:/Xilinx/Vivado/2018.3/data/ip'.
current_fileset: Time (s): cpu = 00:00:11 ; elapsed = 00:00:06 . Memory (MB): peak = 762.363 ; gain = 162.520
open_wave_database: Time (s): cpu = 00:00:13 ; elapsed = 00:00:07 . Memory (MB): peak = 769.160 ; gain = 169.316
close_sim
INFO: [Simtcl 6-16] Simulation closed
exit
INFO: [Common 17-206] Exiting Vivado at Thu Oct 12 12:04:25 2023...
